{"C:\\Users\\Professional\\Desktop\\RssTask\\react\\src\\components\\About\\About.tsx": {"path":"C:\\Users\\Professional\\Desktop\\RssTask\\react\\src\\components\\About\\About.tsx","statementMap":{"0":{"start":{"line":5,"column":14},"end":{"line":161,"column":1}},"1":{"start":{"line":6,"column":2},"end":{"line":160,"column":4}}},"fnMap":{"0":{"name":"(anonymous_0)","decl":{"start":{"line":5,"column":14},"end":{"line":5,"column":15}},"loc":{"start":{"line":5,"column":20},"end":{"line":161,"column":1}},"line":5}},"branchMap":{},"s":{"0":1,"1":1},"f":{"0":1},"b":{},"_coverageSchema":"1a1c01bbd47fc00a2c39e90264f33305004495a9","hash":"82b069e71b718f4924641d70789b9c52f59cfe44"}
,"C:\\Users\\Professional\\Desktop\\RssTask\\react\\src\\components\\Contacts\\Contacts.tsx": {"path":"C:\\Users\\Professional\\Desktop\\RssTask\\react\\src\\components\\Contacts\\Contacts.tsx","statementMap":{"0":{"start":{"line":6,"column":21},"end":{"line":10,"column":1}},"1":{"start":{"line":7,"column":2},"end":{"line":9,"column":8}}},"fnMap":{"0":{"name":"(anonymous_0)","decl":{"start":{"line":6,"column":21},"end":{"line":6,"column":22}},"loc":{"start":{"line":7,"column":2},"end":{"line":9,"column":8}},"line":7}},"branchMap":{},"s":{"0":1,"1":1},"f":{"0":1},"b":{},"_coverageSchema":"1a1c01bbd47fc00a2c39e90264f33305004495a9","hash":"3e159151bdc18a573d2fc9b0d9679b80ff0f6de9"}
,"C:\\Users\\Professional\\Desktop\\RssTask\\react\\src\\components\\Details\\Details.tsx": {"path":"C:\\Users\\Professional\\Desktop\\RssTask\\react\\src\\components\\Details\\Details.tsx","statementMap":{"0":{"start":{"line":4,"column":16},"end":{"line":4,"column":61}},"1":{"start":{"line":4,"column":32},"end":{"line":4,"column":61}}},"fnMap":{"0":{"name":"(anonymous_0)","decl":{"start":{"line":4,"column":16},"end":{"line":4,"column":17}},"loc":{"start":{"line":4,"column":32},"end":{"line":4,"column":61}},"line":4}},"branchMap":{},"s":{"0":1,"1":1},"f":{"0":1},"b":{},"_coverageSchema":"1a1c01bbd47fc00a2c39e90264f33305004495a9","hash":"1ec6b3c7e11758255404f5b2b818f112e45f02e7"}
,"C:\\Users\\Professional\\Desktop\\RssTask\\react\\src\\components\\Details\\DetailsConsist.tsx": {"path":"C:\\Users\\Professional\\Desktop\\RssTask\\react\\src\\components\\Details\\DetailsConsist.tsx","statementMap":{"0":{"start":{"line":27,"column":27},"end":{"line":135,"column":1}},"1":{"start":{"line":28,"column":19},"end":{"line":28,"column":32}},"2":{"start":{"line":29,"column":21},"end":{"line":29,"column":54}},"3":{"start":{"line":30,"column":17},"end":{"line":30,"column":28}},"4":{"start":{"line":31,"column":25},"end":{"line":31,"column":42}},"5":{"start":{"line":32,"column":26},"end":{"line":32,"column":68}},"6":{"start":{"line":32,"column":57},"end":{"line":32,"column":67}},"7":{"start":{"line":33,"column":34},"end":{"line":33,"column":45}},"8":{"start":{"line":35,"column":2},"end":{"line":37,"column":9}},"9":{"start":{"line":36,"column":4},"end":{"line":36,"column":75}},"10":{"start":{"line":39,"column":21},"end":{"line":39,"column":33}},"11":{"start":{"line":40,"column":2},"end":{"line":40,"column":67}},"12":{"start":{"line":40,"column":55},"end":{"line":40,"column":67}},"13":{"start":{"line":42,"column":16},"end":{"line":42,"column":73}},"14":{"start":{"line":42,"column":58},"end":{"line":42,"column":72}},"15":{"start":{"line":43,"column":2},"end":{"line":46,"column":3}},"16":{"start":{"line":44,"column":4},"end":{"line":44,"column":23}},"17":{"start":{"line":45,"column":4},"end":{"line":45,"column":16}},"18":{"start":{"line":48,"column":18},"end":{"line":48,"column":35}},"19":{"start":{"line":49,"column":22},"end":{"line":49,"column":65}},"20":{"start":{"line":57,"column":6},"end":{"line":57,"column":13}},"21":{"start":{"line":59,"column":2},"end":{"line":134,"column":4}},"22":{"start":{"line":69,"column":31},"end":{"line":72,"column":17}},"23":{"start":{"line":73,"column":16},"end":{"line":73,"column":38}},"24":{"start":{"line":74,"column":16},"end":{"line":74,"column":40}},"25":{"start":{"line":126,"column":29},"end":{"line":126,"column":43}}},"fnMap":{"0":{"name":"(anonymous_0)","decl":{"start":{"line":27,"column":27},"end":{"line":27,"column":28}},"loc":{"start":{"line":27,"column":33},"end":{"line":135,"column":1}},"line":27},"1":{"name":"(anonymous_1)","decl":{"start":{"line":32,"column":46},"end":{"line":32,"column":47}},"loc":{"start":{"line":32,"column":57},"end":{"line":32,"column":67}},"line":32},"2":{"name":"(anonymous_2)","decl":{"start":{"line":35,"column":12},"end":{"line":35,"column":13}},"loc":{"start":{"line":35,"column":18},"end":{"line":37,"column":3}},"line":35},"3":{"name":"(anonymous_3)","decl":{"start":{"line":42,"column":37},"end":{"line":42,"column":38}},"loc":{"start":{"line":42,"column":58},"end":{"line":42,"column":72}},"line":42},"4":{"name":"(anonymous_4)","decl":{"start":{"line":68,"column":23},"end":{"line":68,"column":24}},"loc":{"start":{"line":68,"column":30},"end":{"line":75,"column":15}},"line":68},"5":{"name":"(anonymous_5)","decl":{"start":{"line":126,"column":23},"end":{"line":126,"column":24}},"loc":{"start":{"line":126,"column":29},"end":{"line":126,"column":43}},"line":126}},"branchMap":{"0":{"loc":{"start":{"line":40,"column":2},"end":{"line":40,"column":67}},"type":"if","locations":[{"start":{"line":40,"column":2},"end":{"line":40,"column":67}},{"start":{"line":40,"column":2},"end":{"line":40,"column":67}}],"line":40},"1":{"loc":{"start":{"line":40,"column":6},"end":{"line":40,"column":53}},"type":"binary-expr","locations":[{"start":{"line":40,"column":6},"end":{"line":40,"column":17}},{"start":{"line":40,"column":21},"end":{"line":40,"column":44}},{"start":{"line":40,"column":48},"end":{"line":40,"column":53}}],"line":40},"2":{"loc":{"start":{"line":43,"column":2},"end":{"line":46,"column":3}},"type":"if","locations":[{"start":{"line":43,"column":2},"end":{"line":46,"column":3}},{"start":{"line":43,"column":2},"end":{"line":46,"column":3}}],"line":43},"3":{"loc":{"start":{"line":52,"column":4},"end":{"line":52,"column":15}},"type":"default-arg","locations":[{"start":{"line":52,"column":13},"end":{"line":52,"column":15}}],"line":52},"4":{"loc":{"start":{"line":86,"column":13},"end":{"line":86,"column":46}},"type":"binary-expr","locations":[{"start":{"line":86,"column":13},"end":{"line":86,"column":19}},{"start":{"line":86,"column":23},"end":{"line":86,"column":46}}],"line":86},"5":{"loc":{"start":{"line":87,"column":13},"end":{"line":91,"column":13}},"type":"binary-expr","locations":[{"start":{"line":87,"column":13},"end":{"line":87,"column":17}},{"start":{"line":88,"column":14},"end":{"line":90,"column":18}}],"line":87},"6":{"loc":{"start":{"line":119,"column":7},"end":{"line":132,"column":7}},"type":"binary-expr","locations":[{"start":{"line":119,"column":7},"end":{"line":119,"column":12}},{"start":{"line":120,"column":8},"end":{"line":131,"column":14}}],"line":119}},"s":{"0":1,"1":2,"2":2,"3":2,"4":2,"5":2,"6":6,"7":2,"8":2,"9":1,"10":2,"11":2,"12":0,"13":2,"14":2,"15":2,"16":0,"17":0,"18":2,"19":2,"20":2,"21":2,"22":0,"23":0,"24":0,"25":0},"f":{"0":2,"1":6,"2":1,"3":2,"4":0,"5":0},"b":{"0":[0,2],"1":[2,2,2],"2":[0,2],"3":[0],"4":[2,2],"5":[2,0],"6":[2,2]},"_coverageSchema":"1a1c01bbd47fc00a2c39e90264f33305004495a9","hash":"802e263d4976bedf9c1fbb8366847047f37aeea4"}
,"C:\\Users\\Professional\\Desktop\\RssTask\\react\\src\\components\\Error\\Error.tsx": {"path":"C:\\Users\\Professional\\Desktop\\RssTask\\react\\src\\components\\Error\\Error.tsx","statementMap":{"0":{"start":{"line":24,"column":18},"end":{"line":69,"column":1}},"1":{"start":{"line":25,"column":2},"end":{"line":68,"column":8}}},"fnMap":{"0":{"name":"(anonymous_0)","decl":{"start":{"line":24,"column":18},"end":{"line":24,"column":19}},"loc":{"start":{"line":25,"column":2},"end":{"line":68,"column":8}},"line":25}},"branchMap":{},"s":{"0":1,"1":1},"f":{"0":1},"b":{},"_coverageSchema":"1a1c01bbd47fc00a2c39e90264f33305004495a9","hash":"0d3861ccb70a9eda5d9c414caa0b98b300414ba9"}
,"C:\\Users\\Professional\\Desktop\\RssTask\\react\\src\\components\\Header\\Header.tsx": {"path":"C:\\Users\\Professional\\Desktop\\RssTask\\react\\src\\components\\Header\\Header.tsx","statementMap":{"0":{"start":{"line":15,"column":19},"end":{"line":74,"column":1}},"1":{"start":{"line":16,"column":21},"end":{"line":16,"column":34}},"2":{"start":{"line":18,"column":2},"end":{"line":73,"column":4}}},"fnMap":{"0":{"name":"(anonymous_0)","decl":{"start":{"line":15,"column":19},"end":{"line":15,"column":20}},"loc":{"start":{"line":15,"column":25},"end":{"line":74,"column":1}},"line":15}},"branchMap":{},"s":{"0":0,"1":0,"2":0},"f":{"0":0},"b":{}}
,"C:\\Users\\Professional\\Desktop\\RssTask\\react\\src\\components\\Search\\components\\Articles\\Articles.tsx": {"path":"C:\\Users\\Professional\\Desktop\\RssTask\\react\\src\\components\\Search\\components\\Articles\\Articles.tsx","statementMap":{"0":{"start":{"line":15,"column":38},"end":{"line":63,"column":1}},"1":{"start":{"line":22,"column":6},"end":{"line":22,"column":13}},"2":{"start":{"line":24,"column":2},"end":{"line":62,"column":4}},"3":{"start":{"line":39,"column":35},"end":{"line":41,"column":21}},"4":{"start":{"line":42,"column":20},"end":{"line":42,"column":42}},"5":{"start":{"line":43,"column":20},"end":{"line":43,"column":44}}},"fnMap":{"0":{"name":"(anonymous_0)","decl":{"start":{"line":15,"column":38},"end":{"line":15,"column":39}},"loc":{"start":{"line":15,"column":55},"end":{"line":63,"column":1}},"line":15},"1":{"name":"(anonymous_1)","decl":{"start":{"line":38,"column":27},"end":{"line":38,"column":28}},"loc":{"start":{"line":38,"column":39},"end":{"line":44,"column":19}},"line":38}},"branchMap":{"0":{"loc":{"start":{"line":18,"column":4},"end":{"line":18,"column":15}},"type":"default-arg","locations":[{"start":{"line":18,"column":13},"end":{"line":18,"column":15}}],"line":18},"1":{"loc":{"start":{"line":58,"column":11},"end":{"line":58,"column":44}},"type":"binary-expr","locations":[{"start":{"line":58,"column":11},"end":{"line":58,"column":17}},{"start":{"line":58,"column":21},"end":{"line":58,"column":44}}],"line":58}},"s":{"0":3,"1":17,"2":17,"3":0,"4":0,"5":0},"f":{"0":17,"1":0},"b":{"0":[0],"1":[17,10]},"_coverageSchema":"1a1c01bbd47fc00a2c39e90264f33305004495a9","hash":"d2461a40481dce626c1d3ca16b63c8885b35b06a"}
,"C:\\Users\\Professional\\Desktop\\RssTask\\react\\src\\components\\Search\\components\\Loader\\Loader.tsx": {"path":"C:\\Users\\Professional\\Desktop\\RssTask\\react\\src\\components\\Search\\components\\Loader\\Loader.tsx","statementMap":{"0":{"start":{"line":5,"column":19},"end":{"line":19,"column":1}},"1":{"start":{"line":6,"column":2},"end":{"line":18,"column":4}}},"fnMap":{"0":{"name":"(anonymous_0)","decl":{"start":{"line":5,"column":19},"end":{"line":5,"column":20}},"loc":{"start":{"line":5,"column":25},"end":{"line":19,"column":1}},"line":5}},"branchMap":{},"s":{"0":2,"1":3},"f":{"0":3},"b":{},"_coverageSchema":"1a1c01bbd47fc00a2c39e90264f33305004495a9","hash":"92f8ecb2654302d7fd848fabbb35c046dced4658"}
,"C:\\Users\\Professional\\Desktop\\RssTask\\react\\src\\components\\Search\\components\\PageBar\\PageBar.tsx": {"path":"C:\\Users\\Professional\\Desktop\\RssTask\\react\\src\\components\\Search\\components\\PageBar\\PageBar.tsx","statementMap":{"0":{"start":{"line":8,"column":20},"end":{"line":16,"column":1}},"1":{"start":{"line":9,"column":2},"end":{"line":15,"column":4}}},"fnMap":{"0":{"name":"(anonymous_0)","decl":{"start":{"line":8,"column":20},"end":{"line":8,"column":21}},"loc":{"start":{"line":8,"column":26},"end":{"line":16,"column":1}},"line":8}},"branchMap":{},"s":{"0":1,"1":7},"f":{"0":7},"b":{},"_coverageSchema":"1a1c01bbd47fc00a2c39e90264f33305004495a9","hash":"90ac76167c5e3ad973563b7eac34bbc1eba9de70"}
,"C:\\Users\\Professional\\Desktop\\RssTask\\react\\src\\components\\Search\\components\\PageNumber\\PageNumber.tsx": {"path":"C:\\Users\\Professional\\Desktop\\RssTask\\react\\src\\components\\Search\\components\\PageNumber\\PageNumber.tsx","statementMap":{"0":{"start":{"line":10,"column":23},"end":{"line":53,"column":1}},"1":{"start":{"line":11,"column":42},"end":{"line":11,"column":59}},"2":{"start":{"line":12,"column":36},"end":{"line":12,"column":78}},"3":{"start":{"line":12,"column":67},"end":{"line":12,"column":77}},"4":{"start":{"line":13,"column":26},"end":{"line":13,"column":37}},"5":{"start":{"line":16,"column":19},"end":{"line":18,"column":5}},"6":{"start":{"line":21,"column":4},"end":{"line":27,"column":5}},"7":{"start":{"line":22,"column":6},"end":{"line":22,"column":26}},"8":{"start":{"line":23,"column":11},"end":{"line":27,"column":5}},"9":{"start":{"line":24,"column":6},"end":{"line":24,"column":13}},"10":{"start":{"line":26,"column":6},"end":{"line":26,"column":35}},"11":{"start":{"line":29,"column":4},"end":{"line":29,"column":31}},"12":{"start":{"line":31,"column":24},"end":{"line":31,"column":42}},"13":{"start":{"line":32,"column":4},"end":{"line":32,"column":70}},"14":{"start":{"line":34,"column":24},"end":{"line":34,"column":66}},"15":{"start":{"line":35,"column":4},"end":{"line":35,"column":67}},"16":{"start":{"line":38,"column":2},"end":{"line":52,"column":4}}},"fnMap":{"0":{"name":"(anonymous_0)","decl":{"start":{"line":10,"column":23},"end":{"line":10,"column":24}},"loc":{"start":{"line":10,"column":29},"end":{"line":53,"column":1}},"line":10},"1":{"name":"(anonymous_1)","decl":{"start":{"line":12,"column":56},"end":{"line":12,"column":57}},"loc":{"start":{"line":12,"column":67},"end":{"line":12,"column":77}},"line":12},"2":{"name":"handlerChange","decl":{"start":{"line":15,"column":11},"end":{"line":15,"column":24}},"loc":{"start":{"line":15,"column":65},"end":{"line":36,"column":3}},"line":15}},"branchMap":{"0":{"loc":{"start":{"line":21,"column":4},"end":{"line":27,"column":5}},"type":"if","locations":[{"start":{"line":21,"column":4},"end":{"line":27,"column":5}},{"start":{"line":21,"column":4},"end":{"line":27,"column":5}}],"line":21},"1":{"loc":{"start":{"line":23,"column":11},"end":{"line":27,"column":5}},"type":"if","locations":[{"start":{"line":23,"column":11},"end":{"line":27,"column":5}},{"start":{"line":23,"column":11},"end":{"line":27,"column":5}}],"line":23}},"s":{"0":2,"1":8,"2":8,"3":16,"4":8,"5":0,"6":0,"7":0,"8":0,"9":0,"10":0,"11":0,"12":0,"13":0,"14":0,"15":0,"16":8},"f":{"0":8,"1":16,"2":0},"b":{"0":[0,0],"1":[0,0]},"_coverageSchema":"1a1c01bbd47fc00a2c39e90264f33305004495a9","hash":"2783849fd47578deb5dcc708644362ca611f68d2"}
,"C:\\Users\\Professional\\Desktop\\RssTask\\react\\src\\components\\Search\\components\\PageSize\\PageSize.tsx": {"path":"C:\\Users\\Professional\\Desktop\\RssTask\\react\\src\\components\\Search\\components\\PageSize\\PageSize.tsx","statementMap":{"0":{"start":{"line":11,"column":21},"end":{"line":57,"column":1}},"1":{"start":{"line":12,"column":42},"end":{"line":12,"column":59}},"2":{"start":{"line":13,"column":23},"end":{"line":13,"column":65}},"3":{"start":{"line":13,"column":54},"end":{"line":13,"column":64}},"4":{"start":{"line":14,"column":26},"end":{"line":14,"column":37}},"5":{"start":{"line":16,"column":24},"end":{"line":25,"column":3}},"6":{"start":{"line":17,"column":22},"end":{"line":17,"column":36}},"7":{"start":{"line":18,"column":4},"end":{"line":18,"column":27}},"8":{"start":{"line":20,"column":24},"end":{"line":20,"column":42}},"9":{"start":{"line":21,"column":4},"end":{"line":21,"column":64}},"10":{"start":{"line":23,"column":24},"end":{"line":23,"column":66}},"11":{"start":{"line":24,"column":4},"end":{"line":24,"column":61}},"12":{"start":{"line":27,"column":2},"end":{"line":56,"column":4}}},"fnMap":{"0":{"name":"(anonymous_0)","decl":{"start":{"line":11,"column":21},"end":{"line":11,"column":22}},"loc":{"start":{"line":11,"column":27},"end":{"line":57,"column":1}},"line":11},"1":{"name":"(anonymous_1)","decl":{"start":{"line":13,"column":43},"end":{"line":13,"column":44}},"loc":{"start":{"line":13,"column":54},"end":{"line":13,"column":64}},"line":13},"2":{"name":"(anonymous_2)","decl":{"start":{"line":16,"column":24},"end":{"line":16,"column":25}},"loc":{"start":{"line":16,"column":69},"end":{"line":25,"column":3}},"line":16}},"branchMap":{},"s":{"0":2,"1":9,"2":9,"3":18,"4":9,"5":9,"6":1,"7":1,"8":1,"9":1,"10":1,"11":1,"12":9},"f":{"0":9,"1":18,"2":1},"b":{},"_coverageSchema":"1a1c01bbd47fc00a2c39e90264f33305004495a9","hash":"abdcb90eacefa4fed369b0a338641a54745f8ab7"}
,"C:\\Users\\Professional\\Desktop\\RssTask\\react\\src\\components\\Search\\components\\PageTotal\\PageTotal.tsx": {"path":"C:\\Users\\Professional\\Desktop\\RssTask\\react\\src\\components\\Search\\components\\PageTotal\\PageTotal.tsx","statementMap":{"0":{"start":{"line":6,"column":22},"end":{"line":13,"column":1}},"1":{"start":{"line":7,"column":24},"end":{"line":7,"column":66}},"2":{"start":{"line":7,"column":55},"end":{"line":7,"column":65}},"3":{"start":{"line":8,"column":2},"end":{"line":12,"column":4}}},"fnMap":{"0":{"name":"(anonymous_0)","decl":{"start":{"line":6,"column":22},"end":{"line":6,"column":23}},"loc":{"start":{"line":6,"column":28},"end":{"line":13,"column":1}},"line":6},"1":{"name":"(anonymous_1)","decl":{"start":{"line":7,"column":44},"end":{"line":7,"column":45}},"loc":{"start":{"line":7,"column":55},"end":{"line":7,"column":65}},"line":7}},"branchMap":{},"s":{"0":1,"1":7,"2":14,"3":7},"f":{"0":7,"1":14},"b":{},"_coverageSchema":"1a1c01bbd47fc00a2c39e90264f33305004495a9","hash":"e189eb4e30448ea70c86bccd8311c6cb092da74a"}
,"C:\\Users\\Professional\\Desktop\\RssTask\\react\\src\\components\\Search\\components\\Search\\Search.tsx": {"path":"C:\\Users\\Professional\\Desktop\\RssTask\\react\\src\\components\\Search\\components\\Search\\Search.tsx","statementMap":{"0":{"start":{"line":21,"column":19},"end":{"line":127,"column":1}},"1":{"start":{"line":23,"column":4},"end":{"line":23,"column":46}},"2":{"start":{"line":23,"column":35},"end":{"line":23,"column":45}},"3":{"start":{"line":32,"column":6},"end":{"line":32,"column":17}},"4":{"start":{"line":34,"column":21},"end":{"line":34,"column":54}},"5":{"start":{"line":35,"column":42},"end":{"line":35,"column":59}},"6":{"start":{"line":37,"column":2},"end":{"line":94,"column":9}},"7":{"start":{"line":38,"column":21},"end":{"line":38,"column":33}},"8":{"start":{"line":39,"column":4},"end":{"line":41,"column":5}},"9":{"start":{"line":40,"column":6},"end":{"line":40,"column":22}},"10":{"start":{"line":42,"column":22},"end":{"line":51,"column":5}},"11":{"start":{"line":52,"column":22},"end":{"line":57,"column":6}},"12":{"start":{"line":59,"column":4},"end":{"line":93,"column":5}},"13":{"start":{"line":60,"column":6},"end":{"line":60,"column":36}},"14":{"start":{"line":62,"column":6},"end":{"line":62,"column":40}},"15":{"start":{"line":63,"column":6},"end":{"line":63,"column":40}},"16":{"start":{"line":64,"column":6},"end":{"line":64,"column":48}},"17":{"start":{"line":65,"column":6},"end":{"line":65,"column":38}},"18":{"start":{"line":66,"column":6},"end":{"line":66,"column":38}},"19":{"start":{"line":67,"column":11},"end":{"line":93,"column":5}},"20":{"start":{"line":68,"column":6},"end":{"line":68,"column":31}},"21":{"start":{"line":70,"column":6},"end":{"line":75,"column":9}},"22":{"start":{"line":77,"column":6},"end":{"line":82,"column":9}},"23":{"start":{"line":84,"column":6},"end":{"line":84,"column":36}},"24":{"start":{"line":85,"column":6},"end":{"line":85,"column":48}},"25":{"start":{"line":86,"column":6},"end":{"line":86,"column":40}},"26":{"start":{"line":87,"column":6},"end":{"line":87,"column":38}},"27":{"start":{"line":88,"column":6},"end":{"line":88,"column":38}},"28":{"start":{"line":90,"column":6},"end":{"line":92,"column":7}},"29":{"start":{"line":91,"column":8},"end":{"line":91,"column":42}},"30":{"start":{"line":96,"column":2},"end":{"line":126,"column":4}},"31":{"start":{"line":117,"column":29},"end":{"line":117,"column":43}}},"fnMap":{"0":{"name":"(anonymous_0)","decl":{"start":{"line":21,"column":19},"end":{"line":21,"column":20}},"loc":{"start":{"line":21,"column":25},"end":{"line":127,"column":1}},"line":21},"1":{"name":"(anonymous_1)","decl":{"start":{"line":23,"column":24},"end":{"line":23,"column":25}},"loc":{"start":{"line":23,"column":35},"end":{"line":23,"column":45}},"line":23},"2":{"name":"(anonymous_2)","decl":{"start":{"line":37,"column":12},"end":{"line":37,"column":13}},"loc":{"start":{"line":37,"column":18},"end":{"line":94,"column":3}},"line":37},"3":{"name":"(anonymous_3)","decl":{"start":{"line":117,"column":23},"end":{"line":117,"column":24}},"loc":{"start":{"line":117,"column":29},"end":{"line":117,"column":43}},"line":117}},"branchMap":{"0":{"loc":{"start":{"line":39,"column":4},"end":{"line":41,"column":5}},"type":"if","locations":[{"start":{"line":39,"column":4},"end":{"line":41,"column":5}},{"start":{"line":39,"column":4},"end":{"line":41,"column":5}}],"line":39},"1":{"loc":{"start":{"line":59,"column":4},"end":{"line":93,"column":5}},"type":"if","locations":[{"start":{"line":59,"column":4},"end":{"line":93,"column":5}},{"start":{"line":59,"column":4},"end":{"line":93,"column":5}}],"line":59},"2":{"loc":{"start":{"line":59,"column":8},"end":{"line":59,"column":51}},"type":"binary-expr","locations":[{"start":{"line":59,"column":8},"end":{"line":59,"column":14}},{"start":{"line":59,"column":18},"end":{"line":59,"column":51}}],"line":59},"3":{"loc":{"start":{"line":67,"column":11},"end":{"line":93,"column":5}},"type":"if","locations":[{"start":{"line":67,"column":11},"end":{"line":93,"column":5}},{"start":{"line":67,"column":11},"end":{"line":93,"column":5}}],"line":67},"4":{"loc":{"start":{"line":90,"column":6},"end":{"line":92,"column":7}},"type":"if","locations":[{"start":{"line":90,"column":6},"end":{"line":92,"column":7}},{"start":{"line":90,"column":6},"end":{"line":92,"column":7}}],"line":90},"5":{"loc":{"start":{"line":90,"column":10},"end":{"line":90,"column":48}},"type":"binary-expr","locations":[{"start":{"line":90,"column":10},"end":{"line":90,"column":33}},{"start":{"line":90,"column":37},"end":{"line":90,"column":48}}],"line":90},"6":{"loc":{"start":{"line":110,"column":7},"end":{"line":123,"column":7}},"type":"binary-expr","locations":[{"start":{"line":110,"column":7},"end":{"line":110,"column":12}},{"start":{"line":111,"column":8},"end":{"line":122,"column":14}}],"line":110},"7":{"loc":{"start":{"line":124,"column":7},"end":{"line":124,"column":28}},"type":"binary-expr","locations":[{"start":{"line":124,"column":7},"end":{"line":124,"column":14}},{"start":{"line":124,"column":18},"end":{"line":124,"column":28}}],"line":124}},"s":{"0":1,"1":7,"2":14,"3":7,"4":7,"5":7,"6":7,"7":3,"8":3,"9":0,"10":3,"11":3,"12":3,"13":0,"14":0,"15":0,"16":0,"17":0,"18":0,"19":3,"20":3,"21":3,"22":0,"23":0,"24":0,"25":0,"26":0,"27":0,"28":0,"29":0,"30":7,"31":1},"f":{"0":7,"1":14,"2":3,"3":1},"b":{"0":[0,3],"1":[0,3],"2":[3,0],"3":[3,0],"4":[0,0],"5":[0,0],"6":[7,2],"7":[7,2]},"_coverageSchema":"1a1c01bbd47fc00a2c39e90264f33305004495a9","hash":"967ec4a90077c33a32bad8537857f6030146599d"}
,"C:\\Users\\Professional\\Desktop\\RssTask\\react\\src\\components\\Search\\components\\SearchBar\\SearchBar.tsx": {"path":"C:\\Users\\Professional\\Desktop\\RssTask\\react\\src\\components\\Search\\components\\SearchBar\\SearchBar.tsx","statementMap":{"0":{"start":{"line":12,"column":22},"end":{"line":53,"column":1}},"1":{"start":{"line":13,"column":42},"end":{"line":13,"column":59}},"2":{"start":{"line":14,"column":60},"end":{"line":16,"column":3}},"3":{"start":{"line":15,"column":15},"end":{"line":15,"column":25}},"4":{"start":{"line":17,"column":42},"end":{"line":17,"column":53}},"5":{"start":{"line":19,"column":23},"end":{"line":31,"column":3}},"6":{"start":{"line":20,"column":4},"end":{"line":20,"column":23}},"7":{"start":{"line":22,"column":4},"end":{"line":30,"column":5}},"8":{"start":{"line":23,"column":31},"end":{"line":23,"column":49}},"9":{"start":{"line":25,"column":6},"end":{"line":25,"column":65}},"10":{"start":{"line":27,"column":6},"end":{"line":27,"column":80}},"11":{"start":{"line":28,"column":26},"end":{"line":28,"column":68}},"12":{"start":{"line":29,"column":6},"end":{"line":29,"column":57}},"13":{"start":{"line":33,"column":29},"end":{"line":38,"column":3}},"14":{"start":{"line":34,"column":22},"end":{"line":34,"column":30}},"15":{"start":{"line":35,"column":4},"end":{"line":37,"column":5}},"16":{"start":{"line":36,"column":6},"end":{"line":36,"column":30}},"17":{"start":{"line":40,"column":2},"end":{"line":52,"column":4}}},"fnMap":{"0":{"name":"(anonymous_0)","decl":{"start":{"line":12,"column":22},"end":{"line":12,"column":23}},"loc":{"start":{"line":12,"column":28},"end":{"line":53,"column":1}},"line":12},"1":{"name":"(anonymous_1)","decl":{"start":{"line":15,"column":4},"end":{"line":15,"column":5}},"loc":{"start":{"line":15,"column":15},"end":{"line":15,"column":25}},"line":15},"2":{"name":"(anonymous_2)","decl":{"start":{"line":19,"column":23},"end":{"line":19,"column":24}},"loc":{"start":{"line":19,"column":64},"end":{"line":31,"column":3}},"line":19},"3":{"name":"(anonymous_3)","decl":{"start":{"line":33,"column":29},"end":{"line":33,"column":30}},"loc":{"start":{"line":33,"column":73},"end":{"line":38,"column":3}},"line":33}},"branchMap":{"0":{"loc":{"start":{"line":22,"column":4},"end":{"line":30,"column":5}},"type":"if","locations":[{"start":{"line":22,"column":4},"end":{"line":30,"column":5}},{"start":{"line":22,"column":4},"end":{"line":30,"column":5}}],"line":22},"1":{"loc":{"start":{"line":35,"column":4},"end":{"line":37,"column":5}},"type":"if","locations":[{"start":{"line":35,"column":4},"end":{"line":37,"column":5}},{"start":{"line":35,"column":4},"end":{"line":37,"column":5}}],"line":35}},"s":{"0":2,"1":15,"2":15,"3":32,"4":15,"5":15,"6":2,"7":2,"8":1,"9":1,"10":1,"11":1,"12":1,"13":15,"14":5,"15":5,"16":5,"17":15},"f":{"0":15,"1":32,"2":2,"3":5},"b":{"0":[1,1],"1":[5,0]},"_coverageSchema":"1a1c01bbd47fc00a2c39e90264f33305004495a9","hash":"6c6d39e9c65bde751e30de095af163f1ff659dd3"}
,"C:\\Users\\Professional\\Desktop\\RssTask\\react\\src\\components\\Search\\components\\SearchForm\\SearchFrom.tsx": {"path":"C:\\Users\\Professional\\Desktop\\RssTask\\react\\src\\components\\Search\\components\\SearchForm\\SearchFrom.tsx","statementMap":{"0":{"start":{"line":6,"column":43},"end":{"line":36,"column":1}},"1":{"start":{"line":11,"column":2},"end":{"line":35,"column":4}}},"fnMap":{"0":{"name":"(anonymous_0)","decl":{"start":{"line":6,"column":43},"end":{"line":6,"column":44}},"loc":{"start":{"line":10,"column":6},"end":{"line":36,"column":1}},"line":10}},"branchMap":{},"s":{"0":2,"1":15},"f":{"0":15},"b":{},"_coverageSchema":"1a1c01bbd47fc00a2c39e90264f33305004495a9","hash":"364e32c4aea2668dac203e1264df3336c4740b5e"}
,"C:\\Users\\Professional\\Desktop\\RssTask\\react\\src\\components\\Search\\components\\SearchResult\\SearchResult.tsx": {"path":"C:\\Users\\Professional\\Desktop\\RssTask\\react\\src\\components\\Search\\components\\SearchResult\\SearchResult.tsx","statementMap":{"0":{"start":{"line":6,"column":32},"end":{"line":28,"column":1}},"1":{"start":{"line":7,"column":19},"end":{"line":7,"column":61}},"2":{"start":{"line":7,"column":50},"end":{"line":7,"column":60}},"3":{"start":{"line":8,"column":21},"end":{"line":8,"column":34}},"4":{"start":{"line":10,"column":2},"end":{"line":27,"column":4}},"5":{"start":{"line":15,"column":12},"end":{"line":24,"column":19}}},"fnMap":{"0":{"name":"(anonymous_0)","decl":{"start":{"line":6,"column":32},"end":{"line":6,"column":33}},"loc":{"start":{"line":6,"column":38},"end":{"line":28,"column":1}},"line":6},"1":{"name":"(anonymous_1)","decl":{"start":{"line":7,"column":39},"end":{"line":7,"column":40}},"loc":{"start":{"line":7,"column":50},"end":{"line":7,"column":60}},"line":7},"2":{"name":"(anonymous_2)","decl":{"start":{"line":14,"column":19},"end":{"line":14,"column":20}},"loc":{"start":{"line":15,"column":12},"end":{"line":24,"column":19}},"line":15}},"branchMap":{"0":{"loc":{"start":{"line":12,"column":7},"end":{"line":25,"column":12}},"type":"cond-expr","locations":[{"start":{"line":13,"column":10},"end":{"line":13,"column":14}},{"start":{"line":14,"column":10},"end":{"line":25,"column":12}}],"line":12}},"s":{"0":2,"1":9,"2":16,"3":8,"4":8,"5":14},"f":{"0":9,"1":16,"2":14},"b":{"0":[0,8]},"_coverageSchema":"1a1c01bbd47fc00a2c39e90264f33305004495a9","hash":"5acd1692db534c814dfed3ad24762430b624a9b2"}
,"C:\\Users\\Professional\\Desktop\\RssTask\\react\\src\\components\\Search\\components\\SortBar\\SortBar.tsx": {"path":"C:\\Users\\Professional\\Desktop\\RssTask\\react\\src\\components\\Search\\components\\SortBar\\SortBar.tsx","statementMap":{"0":{"start":{"line":10,"column":27},"end":{"line":67,"column":1}},"1":{"start":{"line":11,"column":42},"end":{"line":11,"column":59}},"2":{"start":{"line":12,"column":23},"end":{"line":12,"column":65}},"3":{"start":{"line":12,"column":54},"end":{"line":12,"column":64}},"4":{"start":{"line":13,"column":26},"end":{"line":13,"column":37}},"5":{"start":{"line":15,"column":22},"end":{"line":28,"column":3}},"6":{"start":{"line":16,"column":19},"end":{"line":18,"column":5}},"7":{"start":{"line":19,"column":22},"end":{"line":19,"column":33}},"8":{"start":{"line":21,"column":4},"end":{"line":21,"column":27}},"9":{"start":{"line":23,"column":24},"end":{"line":23,"column":42}},"10":{"start":{"line":24,"column":4},"end":{"line":24,"column":64}},"11":{"start":{"line":26,"column":24},"end":{"line":26,"column":66}},"12":{"start":{"line":27,"column":4},"end":{"line":27,"column":61}},"13":{"start":{"line":30,"column":2},"end":{"line":66,"column":4}}},"fnMap":{"0":{"name":"(anonymous_0)","decl":{"start":{"line":10,"column":27},"end":{"line":10,"column":28}},"loc":{"start":{"line":10,"column":33},"end":{"line":67,"column":1}},"line":10},"1":{"name":"(anonymous_1)","decl":{"start":{"line":12,"column":43},"end":{"line":12,"column":44}},"loc":{"start":{"line":12,"column":54},"end":{"line":12,"column":64}},"line":12},"2":{"name":"(anonymous_2)","decl":{"start":{"line":15,"column":22},"end":{"line":15,"column":23}},"loc":{"start":{"line":15,"column":66},"end":{"line":28,"column":3}},"line":15}},"branchMap":{},"s":{"0":2,"1":13,"2":13,"3":26,"4":13,"5":13,"6":3,"7":3,"8":3,"9":3,"10":3,"11":3,"12":3,"13":13},"f":{"0":13,"1":26,"2":3},"b":{},"_coverageSchema":"1a1c01bbd47fc00a2c39e90264f33305004495a9","hash":"32ac1d067229add8cb08d5b1792d70dca6281fef"}
,"C:\\Users\\Professional\\Desktop\\RssTask\\react\\src\\utils\\getLocalData.utils.tsx": {"path":"C:\\Users\\Professional\\Desktop\\RssTask\\react\\src\\utils\\getLocalData.utils.tsx","statementMap":{"0":{"start":{"line":4,"column":33},"end":{"line":12,"column":1}},"1":{"start":{"line":5,"column":20},"end":{"line":5,"column":38}},"2":{"start":{"line":7,"column":2},"end":{"line":9,"column":3}},"3":{"start":{"line":8,"column":4},"end":{"line":8,"column":51}},"4":{"start":{"line":11,"column":2},"end":{"line":11,"column":21}}},"fnMap":{"0":{"name":"(anonymous_0)","decl":{"start":{"line":4,"column":33},"end":{"line":4,"column":34}},"loc":{"start":{"line":4,"column":62},"end":{"line":12,"column":1}},"line":4}},"branchMap":{"0":{"loc":{"start":{"line":7,"column":2},"end":{"line":9,"column":3}},"type":"if","locations":[{"start":{"line":7,"column":2},"end":{"line":9,"column":3}},{"start":{"line":7,"column":2},"end":{"line":9,"column":3}}],"line":7}},"s":{"0":5,"1":5,"2":5,"3":0,"4":5},"f":{"0":5},"b":{"0":[0,5]},"_coverageSchema":"1a1c01bbd47fc00a2c39e90264f33305004495a9","hash":"03635b08ec76219b6eaace7189100ecccb75a069"}
,"C:\\Users\\Professional\\Desktop\\RssTask\\react\\src\\utils\\getQuery.utils.tsx": {"path":"C:\\Users\\Professional\\Desktop\\RssTask\\react\\src\\utils\\getQuery.utils.tsx","statementMap":{"0":{"start":{"line":3,"column":34},"end":{"line":8,"column":1}},"1":{"start":{"line":10,"column":29},"end":{"line":30,"column":1}},"2":{"start":{"line":15,"column":2},"end":{"line":28,"column":3}},"3":{"start":{"line":16,"column":4},"end":{"line":27,"column":7}},"4":{"start":{"line":18,"column":42},"end":{"line":18,"column":65}},"5":{"start":{"line":20,"column":6},"end":{"line":24,"column":7}},"6":{"start":{"line":21,"column":8},"end":{"line":21,"column":59}},"7":{"start":{"line":23,"column":8},"end":{"line":23,"column":50}},"8":{"start":{"line":26,"column":6},"end":{"line":26,"column":56}},"9":{"start":{"line":29,"column":2},"end":{"line":29,"column":29}}},"fnMap":{"0":{"name":"(anonymous_0)","decl":{"start":{"line":10,"column":29},"end":{"line":10,"column":30}},"loc":{"start":{"line":14,"column":5},"end":{"line":30,"column":1}},"line":14},"1":{"name":"(anonymous_1)","decl":{"start":{"line":16,"column":38},"end":{"line":16,"column":39}},"loc":{"start":{"line":16,"column":49},"end":{"line":27,"column":5}},"line":16}},"branchMap":{"0":{"loc":{"start":{"line":12,"column":2},"end":{"line":12,"column":28}},"type":"default-arg","locations":[{"start":{"line":12,"column":17},"end":{"line":12,"column":28}}],"line":12},"1":{"loc":{"start":{"line":15,"column":2},"end":{"line":28,"column":3}},"type":"if","locations":[{"start":{"line":15,"column":2},"end":{"line":28,"column":3}},{"start":{"line":15,"column":2},"end":{"line":28,"column":3}}],"line":15},"2":{"loc":{"start":{"line":20,"column":6},"end":{"line":24,"column":7}},"type":"if","locations":[{"start":{"line":20,"column":6},"end":{"line":24,"column":7}},{"start":{"line":20,"column":6},"end":{"line":24,"column":7}}],"line":20},"3":{"loc":{"start":{"line":21,"column":17},"end":{"line":21,"column":58}},"type":"cond-expr","locations":[{"start":{"line":21,"column":32},"end":{"line":21,"column":44}},{"start":{"line":21,"column":47},"end":{"line":21,"column":58}}],"line":21},"4":{"loc":{"start":{"line":23,"column":17},"end":{"line":23,"column":49}},"type":"cond-expr","locations":[{"start":{"line":23,"column":32},"end":{"line":23,"column":44}},{"start":{"line":23,"column":47},"end":{"line":23,"column":49}}],"line":23}},"s":{"0":6,"1":6,"2":5,"3":1,"4":4,"5":4,"6":1,"7":3,"8":4,"9":5},"f":{"0":5,"1":4},"b":{"0":[2],"1":[1,4],"2":[1,3],"3":[0,1],"4":[0,3]},"_coverageSchema":"1a1c01bbd47fc00a2c39e90264f33305004495a9","hash":"d816dfcf4c96b4c1083e76b7d9c2873ba2c2cdac"}
,"C:\\Users\\Professional\\Desktop\\RssTask\\react\\src\\utils\\getUrl.utils.tsx": {"path":"C:\\Users\\Professional\\Desktop\\RssTask\\react\\src\\utils\\getUrl.utils.tsx","statementMap":{"0":{"start":{"line":3,"column":27},"end":{"line":7,"column":1}},"1":{"start":{"line":4,"column":60},"end":{"line":4,"column":71}},"2":{"start":{"line":6,"column":2},"end":{"line":6,"column":234}},"3":{"start":{"line":9,"column":20},"end":{"line":14,"column":2}},"4":{"start":{"line":9,"column":34},"end":{"line":14,"column":1}}},"fnMap":{"0":{"name":"(anonymous_0)","decl":{"start":{"line":3,"column":27},"end":{"line":3,"column":28}},"loc":{"start":{"line":3,"column":56},"end":{"line":7,"column":1}},"line":3},"1":{"name":"(anonymous_1)","decl":{"start":{"line":9,"column":20},"end":{"line":9,"column":21}},"loc":{"start":{"line":9,"column":34},"end":{"line":14,"column":1}},"line":9}},"branchMap":{},"s":{"0":11,"1":3,"2":3,"3":11,"4":1},"f":{"0":3,"1":1},"b":{},"_coverageSchema":"1a1c01bbd47fc00a2c39e90264f33305004495a9","hash":"d5871cadad6500ea13eac8702b2697300bbe3627"}
,"C:\\Users\\Professional\\Desktop\\RssTask\\react\\src\\utils\\restoreQuery.utils.tsx": {"path":"C:\\Users\\Professional\\Desktop\\RssTask\\react\\src\\utils\\restoreQuery.utils.tsx","statementMap":{"0":{"start":{"line":4,"column":33},"end":{"line":41,"column":1}},"1":{"start":{"line":23,"column":2},"end":{"line":40,"column":3}},"2":{"start":{"line":24,"column":24},"end":{"line":24,"column":66}},"3":{"start":{"line":25,"column":4},"end":{"line":25,"column":40}},"4":{"start":{"line":26,"column":9},"end":{"line":40,"column":3}},"5":{"start":{"line":27,"column":38},"end":{"line":32,"column":5}},"6":{"start":{"line":34,"column":4},"end":{"line":38,"column":7}},"7":{"start":{"line":35,"column":6},"end":{"line":37,"column":9}},"8":{"start":{"line":39,"column":4},"end":{"line":39,"column":40}}},"fnMap":{"0":{"name":"(anonymous_0)","decl":{"start":{"line":4,"column":33},"end":{"line":4,"column":34}},"loc":{"start":{"line":22,"column":6},"end":{"line":41,"column":1}},"line":22},"1":{"name":"(anonymous_1)","decl":{"start":{"line":34,"column":37},"end":{"line":34,"column":38}},"loc":{"start":{"line":34,"column":46},"end":{"line":38,"column":5}},"line":34}},"branchMap":{"0":{"loc":{"start":{"line":23,"column":2},"end":{"line":40,"column":3}},"type":"if","locations":[{"start":{"line":23,"column":2},"end":{"line":40,"column":3}},{"start":{"line":23,"column":2},"end":{"line":40,"column":3}}],"line":23},"1":{"loc":{"start":{"line":26,"column":9},"end":{"line":40,"column":3}},"type":"if","locations":[{"start":{"line":26,"column":9},"end":{"line":40,"column":3}},{"start":{"line":26,"column":9},"end":{"line":40,"column":3}}],"line":26}},"s":{"0":5,"1":3,"2":0,"3":0,"4":3,"5":3,"6":3,"7":12,"8":3},"f":{"0":3,"1":12},"b":{"0":[0,3],"1":[3,0]},"_coverageSchema":"1a1c01bbd47fc00a2c39e90264f33305004495a9","hash":"dec5886d53c14220e2d4794e8731be8974845631"}
,"C:\\Users\\Professional\\Desktop\\RssTask\\react\\src\\utils\\storage.utils.tsx": {"path":"C:\\Users\\Professional\\Desktop\\RssTask\\react\\src\\utils\\storage.utils.tsx","statementMap":{"0":{"start":{"line":3,"column":19},"end":{"line":4,"column":58}},"1":{"start":{"line":4,"column":2},"end":{"line":4,"column":58}},"2":{"start":{"line":6,"column":19},"end":{"line":9,"column":1}},"3":{"start":{"line":7,"column":17},"end":{"line":7,"column":43}},"4":{"start":{"line":8,"column":2},"end":{"line":8,"column":44}},"5":{"start":{"line":11,"column":19},"end":{"line":11,"column":72}},"6":{"start":{"line":11,"column":43},"end":{"line":11,"column":72}}},"fnMap":{"0":{"name":"(anonymous_0)","decl":{"start":{"line":3,"column":19},"end":{"line":3,"column":20}},"loc":{"start":{"line":4,"column":2},"end":{"line":4,"column":58}},"line":4},"1":{"name":"(anonymous_1)","decl":{"start":{"line":6,"column":19},"end":{"line":6,"column":20}},"loc":{"start":{"line":6,"column":57},"end":{"line":9,"column":1}},"line":6},"2":{"name":"(anonymous_2)","decl":{"start":{"line":11,"column":19},"end":{"line":11,"column":20}},"loc":{"start":{"line":11,"column":43},"end":{"line":11,"column":72}},"line":11}},"branchMap":{"0":{"loc":{"start":{"line":8,"column":9},"end":{"line":8,"column":43}},"type":"cond-expr","locations":[{"start":{"line":8,"column":18},"end":{"line":8,"column":36}},{"start":{"line":8,"column":39},"end":{"line":8,"column":43}}],"line":8}},"s":{"0":11,"1":6,"2":11,"3":16,"4":16,"5":11,"6":1},"f":{"0":6,"1":16,"2":1},"b":{"0":[7,9]},"_coverageSchema":"1a1c01bbd47fc00a2c39e90264f33305004495a9","hash":"07f67dff6168c4f181c464e684b11a8246d3a441"}
}
