TN:
SF:src\components\About\About.tsx
FN:5,(anonymous_0)
FNF:1
FNH:1
FNDA:1,(anonymous_0)
DA:5,1
DA:6,1
LF:2
LH:2
BRF:0
BRH:0
end_of_record
TN:
SF:src\components\Contacts\Contacts.tsx
FN:6,(anonymous_0)
FNF:1
FNH:1
FNDA:1,(anonymous_0)
DA:6,1
DA:7,1
LF:2
LH:2
BRF:0
BRH:0
end_of_record
TN:
SF:src\components\Details\Details.tsx
FN:4,(anonymous_0)
FNF:1
FNH:1
FNDA:1,(anonymous_0)
DA:4,1
LF:1
LH:1
BRF:0
BRH:0
end_of_record
TN:
SF:src\components\Details\DetailsConsist.tsx
FN:27,(anonymous_0)
FN:32,(anonymous_1)
FN:35,(anonymous_2)
FN:42,(anonymous_3)
FN:68,(anonymous_4)
FN:126,(anonymous_5)
FNF:6
FNH:4
FNDA:2,(anonymous_0)
FNDA:6,(anonymous_1)
FNDA:1,(anonymous_2)
FNDA:2,(anonymous_3)
FNDA:0,(anonymous_4)
FNDA:0,(anonymous_5)
DA:27,1
DA:28,2
DA:29,2
DA:30,2
DA:31,2
DA:32,6
DA:33,2
DA:35,2
DA:36,1
DA:39,2
DA:40,2
DA:42,2
DA:43,2
DA:44,0
DA:45,0
DA:48,2
DA:49,2
DA:57,2
DA:59,2
DA:69,0
DA:73,0
DA:74,0
DA:126,0
LF:23
LH:17
BRDA:40,0,0,0
BRDA:40,0,1,2
BRDA:40,1,0,2
BRDA:40,1,1,2
BRDA:40,1,2,2
BRDA:43,2,0,0
BRDA:43,2,1,2
BRDA:52,3,0,0
BRDA:86,4,0,2
BRDA:86,4,1,2
BRDA:87,5,0,2
BRDA:87,5,1,0
BRDA:119,6,0,2
BRDA:119,6,1,2
BRF:14
BRH:10
end_of_record
TN:
SF:src\components\Error\Error.tsx
FN:24,(anonymous_0)
FNF:1
FNH:1
FNDA:1,(anonymous_0)
DA:24,1
DA:25,1
LF:2
LH:2
BRF:0
BRH:0
end_of_record
TN:
SF:src\components\Header\Header.tsx
FN:15,(anonymous_0)
FNF:1
FNH:0
FNDA:0,(anonymous_0)
DA:15,0
DA:16,0
DA:18,0
LF:3
LH:0
BRF:0
BRH:0
end_of_record
TN:
SF:src\components\Search\components\Articles\Articles.tsx
FN:15,(anonymous_0)
FN:38,(anonymous_1)
FNF:2
FNH:1
FNDA:17,(anonymous_0)
FNDA:0,(anonymous_1)
DA:15,3
DA:22,17
DA:24,17
DA:39,0
DA:42,0
DA:43,0
LF:6
LH:3
BRDA:18,0,0,0
BRDA:58,1,0,17
BRDA:58,1,1,10
BRF:3
BRH:2
end_of_record
TN:
SF:src\components\Search\components\Loader\Loader.tsx
FN:5,(anonymous_0)
FNF:1
FNH:1
FNDA:3,(anonymous_0)
DA:5,2
DA:6,3
LF:2
LH:2
BRF:0
BRH:0
end_of_record
TN:
SF:src\components\Search\components\PageBar\PageBar.tsx
FN:8,(anonymous_0)
FNF:1
FNH:1
FNDA:7,(anonymous_0)
DA:8,1
DA:9,7
LF:2
LH:2
BRF:0
BRH:0
end_of_record
TN:
SF:src\components\Search\components\PageNumber\PageNumber.tsx
FN:10,(anonymous_0)
FN:12,(anonymous_1)
FN:15,handlerChange
FNF:3
FNH:2
FNDA:8,(anonymous_0)
FNDA:16,(anonymous_1)
FNDA:0,handlerChange
DA:10,2
DA:11,8
DA:12,16
DA:13,8
DA:16,0
DA:21,0
DA:22,0
DA:23,0
DA:24,0
DA:26,0
DA:29,0
DA:31,0
DA:32,0
DA:34,0
DA:35,0
DA:38,8
LF:16
LH:5
BRDA:21,0,0,0
BRDA:21,0,1,0
BRDA:23,1,0,0
BRDA:23,1,1,0
BRF:4
BRH:0
end_of_record
TN:
SF:src\components\Search\components\PageSize\PageSize.tsx
FN:11,(anonymous_0)
FN:13,(anonymous_1)
FN:16,(anonymous_2)
FNF:3
FNH:3
FNDA:9,(anonymous_0)
FNDA:18,(anonymous_1)
FNDA:1,(anonymous_2)
DA:11,2
DA:12,9
DA:13,18
DA:14,9
DA:16,9
DA:17,1
DA:18,1
DA:20,1
DA:21,1
DA:23,1
DA:24,1
DA:27,9
LF:12
LH:12
BRF:0
BRH:0
end_of_record
TN:
SF:src\components\Search\components\PageTotal\PageTotal.tsx
FN:6,(anonymous_0)
FN:7,(anonymous_1)
FNF:2
FNH:2
FNDA:7,(anonymous_0)
FNDA:14,(anonymous_1)
DA:6,1
DA:7,14
DA:8,7
LF:3
LH:3
BRF:0
BRH:0
end_of_record
TN:
SF:src\components\Search\components\Search\Search.tsx
FN:21,(anonymous_0)
FN:23,(anonymous_1)
FN:37,(anonymous_2)
FN:117,(anonymous_3)
FNF:4
FNH:4
FNDA:7,(anonymous_0)
FNDA:14,(anonymous_1)
FNDA:3,(anonymous_2)
FNDA:1,(anonymous_3)
DA:21,1
DA:23,14
DA:32,7
DA:34,7
DA:35,7
DA:37,7
DA:38,3
DA:39,3
DA:40,0
DA:42,3
DA:52,3
DA:59,3
DA:60,0
DA:62,0
DA:63,0
DA:64,0
DA:65,0
DA:66,0
DA:67,3
DA:68,3
DA:70,3
DA:77,0
DA:84,0
DA:85,0
DA:86,0
DA:87,0
DA:88,0
DA:90,0
DA:91,0
DA:96,7
DA:117,1
LF:31
LH:16
BRDA:39,0,0,0
BRDA:39,0,1,3
BRDA:59,1,0,0
BRDA:59,1,1,3
BRDA:59,2,0,3
BRDA:59,2,1,0
BRDA:67,3,0,3
BRDA:67,3,1,0
BRDA:90,4,0,0
BRDA:90,4,1,0
BRDA:90,5,0,0
BRDA:90,5,1,0
BRDA:110,6,0,7
BRDA:110,6,1,2
BRDA:124,7,0,7
BRDA:124,7,1,2
BRF:16
BRH:8
end_of_record
TN:
SF:src\components\Search\components\SearchBar\SearchBar.tsx
FN:12,(anonymous_0)
FN:15,(anonymous_1)
FN:19,(anonymous_2)
FN:33,(anonymous_3)
FNF:4
FNH:4
FNDA:15,(anonymous_0)
FNDA:32,(anonymous_1)
FNDA:2,(anonymous_2)
FNDA:5,(anonymous_3)
DA:12,2
DA:13,15
DA:14,15
DA:15,32
DA:17,15
DA:19,15
DA:20,2
DA:22,2
DA:23,1
DA:25,1
DA:27,1
DA:28,1
DA:29,1
DA:33,15
DA:34,5
DA:35,5
DA:36,5
DA:40,15
LF:18
LH:18
BRDA:22,0,0,1
BRDA:22,0,1,1
BRDA:35,1,0,5
BRDA:35,1,1,0
BRF:4
BRH:3
end_of_record
TN:
SF:src\components\Search\components\SearchForm\SearchFrom.tsx
FN:6,(anonymous_0)
FNF:1
FNH:1
FNDA:15,(anonymous_0)
DA:6,2
DA:11,15
LF:2
LH:2
BRF:0
BRH:0
end_of_record
TN:
SF:src\components\Search\components\SearchResult\SearchResult.tsx
FN:6,(anonymous_0)
FN:7,(anonymous_1)
FN:14,(anonymous_2)
FNF:3
FNH:3
FNDA:9,(anonymous_0)
FNDA:16,(anonymous_1)
FNDA:14,(anonymous_2)
DA:6,2
DA:7,16
DA:8,8
DA:10,8
DA:15,14
LF:5
LH:5
BRDA:12,0,0,0
BRDA:12,0,1,8
BRF:2
BRH:1
end_of_record
TN:
SF:src\components\Search\components\SortBar\SortBar.tsx
FN:10,(anonymous_0)
FN:12,(anonymous_1)
FN:15,(anonymous_2)
FNF:3
FNH:3
FNDA:13,(anonymous_0)
FNDA:26,(anonymous_1)
FNDA:3,(anonymous_2)
DA:10,2
DA:11,13
DA:12,26
DA:13,13
DA:15,13
DA:16,3
DA:19,3
DA:21,3
DA:23,3
DA:24,3
DA:26,3
DA:27,3
DA:30,13
LF:13
LH:13
BRF:0
BRH:0
end_of_record
TN:
SF:src\utils\getLocalData.utils.tsx
FN:4,(anonymous_0)
FNF:1
FNH:1
FNDA:5,(anonymous_0)
DA:4,5
DA:5,5
DA:7,5
DA:8,0
DA:11,5
LF:5
LH:4
BRDA:7,0,0,0
BRDA:7,0,1,5
BRF:2
BRH:1
end_of_record
TN:
SF:src\utils\getQuery.utils.tsx
FN:10,(anonymous_0)
FN:16,(anonymous_1)
FNF:2
FNH:2
FNDA:5,(anonymous_0)
FNDA:4,(anonymous_1)
DA:3,6
DA:10,6
DA:15,5
DA:16,1
DA:18,4
DA:20,4
DA:21,1
DA:23,3
DA:26,4
DA:29,5
LF:10
LH:10
BRDA:12,0,0,2
BRDA:15,1,0,1
BRDA:15,1,1,4
BRDA:20,2,0,1
BRDA:20,2,1,3
BRDA:21,3,0,0
BRDA:21,3,1,1
BRDA:23,4,0,0
BRDA:23,4,1,3
BRF:9
BRH:7
end_of_record
TN:
SF:src\utils\getUrl.utils.tsx
FN:3,(anonymous_0)
FN:9,(anonymous_1)
FNF:2
FNH:2
FNDA:3,(anonymous_0)
FNDA:1,(anonymous_1)
DA:3,11
DA:4,3
DA:6,3
DA:9,11
LF:4
LH:4
BRF:0
BRH:0
end_of_record
TN:
SF:src\utils\restoreQuery.utils.tsx
FN:4,(anonymous_0)
FN:34,(anonymous_1)
FNF:2
FNH:2
FNDA:3,(anonymous_0)
FNDA:12,(anonymous_1)
DA:4,5
DA:23,3
DA:24,0
DA:25,0
DA:26,3
DA:27,3
DA:34,3
DA:35,12
DA:39,3
LF:9
LH:7
BRDA:23,0,0,0
BRDA:23,0,1,3
BRDA:26,1,0,3
BRDA:26,1,1,0
BRF:4
BRH:2
end_of_record
TN:
SF:src\utils\storage.utils.tsx
FN:3,(anonymous_0)
FN:6,(anonymous_1)
FN:11,(anonymous_2)
FNF:3
FNH:3
FNDA:6,(anonymous_0)
FNDA:16,(anonymous_1)
FNDA:1,(anonymous_2)
DA:3,11
DA:4,6
DA:6,11
DA:7,16
DA:8,16
DA:11,11
LF:6
LH:6
BRDA:8,0,0,7
BRDA:8,0,1,9
BRF:2
BRH:2
end_of_record
